4.8E + 6.4M + 1.6T + 1.6M + 3.2E
(17.6 km, 1:30 h)

8E + 3.2T + 2min rest + 1.6E + 2 * (1.6T + 1 min rest) + 3.2E
(19.5 km, 1:43 h)

3.2E + 2 * (1.6T + 1 min rest) + 30min E + 2 * (1.6T + 1 min rest) + 3.2E
(18.5 km, 1:38 h)

4.8E + 6 * (2min I + 2 min jog) + 4 * (1min R + 2 min jog) + 3.2E
(15.0 km, 1:20 h)

110 min E
(20.0 km, 1:50 h)

9E + 4 * (1.6 T + 1 min rest) + 3.2E
(18.9 km, 1:40 h)

3.2E + 8M + 1.6T + 1.6M + 3.2E
(17.6 km, 1:29 h)

7E + 4 * (1.6 T + 1 min rest) + 3.2E
(16.9 km, 1:29 h)

3.2E + 2 * (1.6T + 1 min rest) + 30min E + 2 * (1.6T + 1 min rest) + 3.2E
(18.5 km, 1:38 h)

40 min E + 5 * (3 min I + 2 min jog) + 3.2E
(15.6 km, 1:22 h)

120 min E
(21.8 km, 2:00 h)

40 min E + 2 * (3.2T + 2 min rest) + 3.2E
(17.1 km, 1:30 h)

6.4E + 9.6M + 1.6T + 1.6E
(19.2 km, 1:38 h)

9.6E + 4.8T + 3 min E + 1.6T + 3.2 E
(19.7 km, 1:42 h)

12.8E + 4 * (1.6T + 1 min rest) + 1.6 E
(21.1 km, 1:52 h)

9.6E + 3 * (4min I + 3 min jog) + 4 * (1min R + 2 min jog) + 3.2E
(19.3 km, 1:43 h)

130 min E
(23.6 km, 2:10 h)

9.6E + 9.6M + 3.2E
(22.4 km, 1:57 h)

6.4E + 1.6T + 12.8M + 1.6E
(22.4 km, 1:54 h)

6.4E + 2 * (3.2T + 2 min E) + 1.6T + 1.6E
(16.7 km, 1:24 h)

8E + 14.4M + 3.2E
(25.6 km, 2:12 h)

12.8E + 5 * (3 min I + 2 min jog) + 3 * (2min I + 1 min jog) + 3.2E
(23.0 km, 2:02 h)

150 min E
(27.3 km, 2:30 h)

3.2E + 16M + 1.6T + 3.2E
(24.0 km, 2:01 h)

4.8E + 19.2M + 1.6E
(25.6 km, 2:09 h)

45 min E + 2 * (3.2T + 2 min rest) + 1.6T + 1.6E
(18.0 km, 1:34 h)

3.2E + 3.2T + 60 min E + 2 * (1.6T + 1 min rest) + 3.2E
(23.8 km, 2:06 h)

9.6E + 5 * (3 min I + 2 min jog) + 4 * (1min R + 2 min jog) + 3.2E
(20.2 km, 1:47 h)

9.6E + 5 * (3 min I + 3 min jog) + 1.6T + 6.4 E
(23.5 km, 2:05 h)

9.6 E + 4 * (1.6T + 1 min rest) + 3.2E
(19.5 km, 1:43 h)

1.6E + 2 * (3.2T + 2 min rest) + 60 min E
(19.2 km, 1:41 h)

6.4E + 1.6T + 3.2M + 1.6E + 1.6T + 3.2M + 1.6E
(19.2 km, 1:38 h)

90 min E
(16.4 km, 1:30 h)

60 min E
(10.9 km, 1:00 h)

3.2E + 5 * (800 T + 2 min E) + 1.6E
(10.6 km, 0:54 h)

50 min E
(9.1 km, 0:50 h)

30 min E
(5.5 km, 0:30 h)

20 min E
(3.6 km, 0:20 h)

42.2 M
(42.2 km, 3:27 h)

